This file contains any messages produced by compilers while
running configure, to aid debugging if configure makes a mistake.

It was created by rdesktop configure 1.8.3post, which was
generated by GNU Autoconf 2.69.  Invocation command line was

  $ ./configure 

## --------- ##
## Platform. ##
## --------- ##

hostname = ubuntu
uname -m = x86_64
uname -r = 4.4.0-31-generic
uname -s = Linux
uname -v = #50-Ubuntu SMP Wed Jul 13 00:07:12 UTC 2016

/usr/bin/uname -p = unknown
/bin/uname -X     = unknown

/bin/arch              = unknown
/usr/bin/arch -k       = unknown
/usr/convex/getsysinfo = unknown
/usr/bin/hostinfo      = unknown
/bin/machine           = unknown
/usr/bin/oslevel       = unknown
/bin/universe          = unknown

PATH: /home/pai/bin
PATH: /home/pai/.local/bin
PATH: /usr/local/sbin
PATH: /usr/local/bin
PATH: /usr/sbin
PATH: /usr/bin
PATH: /sbin
PATH: /bin
PATH: /usr/games
PATH: /usr/local/games
PATH: /snap/bin


## ----------- ##
## Core tests. ##
## ----------- ##

configure:2430: checking build system type
configure:2444: result: x86_64-unknown-linux-gnu
configure:2464: checking host system type
configure:2477: result: x86_64-unknown-linux-gnu
configure:2546: checking for gcc
configure:2562: found /usr/bin/gcc
configure:2573: result: gcc
configure:2802: checking for C compiler version
configure:2811: gcc --version >&5
gcc (Ubuntu 5.4.0-6ubuntu1~16.04.4) 5.4.0 20160609
Copyright (C) 2015 Free Software Foundation, Inc.
This is free software; see the source for copying conditions.  There is NO
warranty; not even for MERCHANTABILITY or FITNESS FOR A PARTICULAR PURPOSE.

configure:2822: $? = 0
configure:2811: gcc -v >&5
Using built-in specs.
COLLECT_GCC=gcc
COLLECT_LTO_WRAPPER=/usr/lib/gcc/x86_64-linux-gnu/5/lto-wrapper
Target: x86_64-linux-gnu
Configured with: ../src/configure -v --with-pkgversion='Ubuntu 5.4.0-6ubuntu1~16.04.4' --with-bugurl=file:///usr/share/doc/gcc-5/README.Bugs --enable-languages=c,ada,c++,java,go,d,fortran,objc,obj-c++ --prefix=/usr --program-suffix=-5 --enable-shared --enable-linker-build-id --libexecdir=/usr/lib --without-included-gettext --enable-threads=posix --libdir=/usr/lib --enable-nls --with-sysroot=/ --enable-clocale=gnu --enable-libstdcxx-debug --enable-libstdcxx-time=yes --with-default-libstdcxx-abi=new --enable-gnu-unique-object --disable-vtable-verify --enable-libmpx --enable-plugin --with-system-zlib --disable-browser-plugin --enable-java-awt=gtk --enable-gtk-cairo --with-java-home=/usr/lib/jvm/java-1.5.0-gcj-5-amd64/jre --enable-java-home --with-jvm-root-dir=/usr/lib/jvm/java-1.5.0-gcj-5-amd64 --with-jvm-jar-dir=/usr/lib/jvm-exports/java-1.5.0-gcj-5-amd64 --with-arch-directory=amd64 --with-ecj-jar=/usr/share/java/eclipse-ecj.jar --enable-objc-gc --enable-multiarch --disable-werror --with-arch-32=i686 --with-abi=m64 --with-multilib-list=m32,m64,mx32 --enable-multilib --with-tune=generic --enable-checking=release --build=x86_64-linux-gnu --host=x86_64-linux-gnu --target=x86_64-linux-gnu
Thread model: posix
gcc version 5.4.0 20160609 (Ubuntu 5.4.0-6ubuntu1~16.04.4) 
configure:2822: $? = 0
configure:2811: gcc -V >&5
gcc: error: unrecognized command line option '-V'
gcc: fatal error: no input files
compilation terminated.
configure:2822: $? = 1
configure:2811: gcc -qversion >&5
gcc: error: unrecognized command line option '-qversion'
gcc: fatal error: no input files
compilation terminated.
configure:2822: $? = 1
configure:2842: checking whether the C compiler works
configure:2864: gcc    conftest.c  >&5
configure:2868: $? = 0
configure:2916: result: yes
configure:2919: checking for C compiler default output file name
configure:2921: result: a.out
configure:2927: checking for suffix of executables
configure:2934: gcc -o conftest    conftest.c  >&5
configure:2938: $? = 0
configure:2960: result: 
configure:2982: checking whether we are cross compiling
configure:2990: gcc -o conftest    conftest.c  >&5
configure:2994: $? = 0
configure:3001: ./conftest
configure:3005: $? = 0
configure:3020: result: no
configure:3025: checking for suffix of object files
configure:3047: gcc -c   conftest.c >&5
configure:3051: $? = 0
configure:3072: result: o
configure:3076: checking whether we are using the GNU C compiler
configure:3095: gcc -c   conftest.c >&5
configure:3095: $? = 0
configure:3104: result: yes
configure:3113: checking whether gcc accepts -g
configure:3133: gcc -c -g  conftest.c >&5
configure:3133: $? = 0
configure:3174: result: yes
configure:3191: checking for gcc option to accept ISO C89
configure:3254: gcc  -c -g -O2  conftest.c >&5
configure:3254: $? = 0
configure:3267: result: none needed
configure:3305: checking for a BSD-compatible install
configure:3373: result: /usr/bin/install -c
configure:3396: checking how to run the C preprocessor
configure:3427: gcc -E  conftest.c
configure:3427: $? = 0
configure:3441: gcc -E  conftest.c
conftest.c:9:28: fatal error: ac_nonexistent.h: No such file or directory
compilation terminated.
configure:3441: $? = 1
configure: failed program was:
| /* confdefs.h */
| #define PACKAGE_NAME "rdesktop"
| #define PACKAGE_TARNAME "rdesktop"
| #define PACKAGE_VERSION "1.8.3post"
| #define PACKAGE_STRING "rdesktop 1.8.3post"
| #define PACKAGE_BUGREPORT ""
| #define PACKAGE_URL ""
| /* end confdefs.h.  */
| #include <ac_nonexistent.h>
configure:3466: result: gcc -E
configure:3486: gcc -E  conftest.c
configure:3486: $? = 0
configure:3500: gcc -E  conftest.c
conftest.c:9:28: fatal error: ac_nonexistent.h: No such file or directory
compilation terminated.
configure:3500: $? = 1
configure: failed program was:
| /* confdefs.h */
| #define PACKAGE_NAME "rdesktop"
| #define PACKAGE_TARNAME "rdesktop"
| #define PACKAGE_VERSION "1.8.3post"
| #define PACKAGE_STRING "rdesktop 1.8.3post"
| #define PACKAGE_BUGREPORT ""
| #define PACKAGE_URL ""
| /* end confdefs.h.  */
| #include <ac_nonexistent.h>
configure:3529: checking for grep that handles long lines and -e
configure:3587: result: /bin/grep
configure:3592: checking for egrep
configure:3654: result: /bin/grep -E
configure:3659: checking for ANSI C header files
configure:3679: gcc -c -g -O2 -Wall  conftest.c >&5
configure:3679: $? = 0
configure:3752: gcc -o conftest -g -O2 -Wall   conftest.c  >&5
configure:3752: $? = 0
configure:3752: ./conftest
configure:3752: $? = 0
configure:3763: result: yes
configure:3776: checking for sys/types.h
configure:3776: gcc -c -g -O2 -Wall  conftest.c >&5
configure:3776: $? = 0
configure:3776: result: yes
configure:3776: checking for sys/stat.h
configure:3776: gcc -c -g -O2 -Wall  conftest.c >&5
configure:3776: $? = 0
configure:3776: result: yes
configure:3776: checking for stdlib.h
configure:3776: gcc -c -g -O2 -Wall  conftest.c >&5
configure:3776: $? = 0
configure:3776: result: yes
configure:3776: checking for string.h
configure:3776: gcc -c -g -O2 -Wall  conftest.c >&5
configure:3776: $? = 0
configure:3776: result: yes
configure:3776: checking for memory.h
configure:3776: gcc -c -g -O2 -Wall  conftest.c >&5
configure:3776: $? = 0
configure:3776: result: yes
configure:3776: checking for strings.h
configure:3776: gcc -c -g -O2 -Wall  conftest.c >&5
configure:3776: $? = 0
configure:3776: result: yes
configure:3776: checking for inttypes.h
configure:3776: gcc -c -g -O2 -Wall  conftest.c >&5
configure:3776: $? = 0
configure:3776: result: yes
configure:3776: checking for stdint.h
configure:3776: gcc -c -g -O2 -Wall  conftest.c >&5
configure:3776: $? = 0
configure:3776: result: yes
configure:3776: checking for unistd.h
configure:3776: gcc -c -g -O2 -Wall  conftest.c >&5
configure:3776: $? = 0
configure:3776: result: yes
configure:3788: checking whether byte ordering is bigendian
configure:3803: gcc -c -g -O2 -Wall  conftest.c >&5
conftest.c:20:9: error: unknown type name 'not'
         not a universal capable compiler
         ^
conftest.c:20:15: error: expected '=', ',', ';', 'asm' or '__attribute__' before 'universal'
         not a universal capable compiler
               ^
conftest.c:20:15: error: unknown type name 'universal'
configure:3803: $? = 1
configure: failed program was:
| /* confdefs.h */
| #define PACKAGE_NAME "rdesktop"
| #define PACKAGE_TARNAME "rdesktop"
| #define PACKAGE_VERSION "1.8.3post"
| #define PACKAGE_STRING "rdesktop 1.8.3post"
| #define PACKAGE_BUGREPORT ""
| #define PACKAGE_URL ""
| #define STDC_HEADERS 1
| #define HAVE_SYS_TYPES_H 1
| #define HAVE_SYS_STAT_H 1
| #define HAVE_STDLIB_H 1
| #define HAVE_STRING_H 1
| #define HAVE_MEMORY_H 1
| #define HAVE_STRINGS_H 1
| #define HAVE_INTTYPES_H 1
| #define HAVE_STDINT_H 1
| #define HAVE_UNISTD_H 1
| /* end confdefs.h.  */
| #ifndef __APPLE_CC__
| 	       not a universal capable compiler
| 	     #endif
| 	     typedef int dummy;
| 
configure:3848: gcc -c -g -O2 -Wall  conftest.c >&5
configure:3848: $? = 0
configure:3866: gcc -c -g -O2 -Wall  conftest.c >&5
conftest.c: In function 'main':
conftest.c:26:4: error: unknown type name 'not'
    not big endian
    ^
conftest.c:26:12: error: expected '=', ',', ';', 'asm' or '__attribute__' before 'endian'
    not big endian
            ^
configure:3866: $? = 1
configure: failed program was:
| /* confdefs.h */
| #define PACKAGE_NAME "rdesktop"
| #define PACKAGE_TARNAME "rdesktop"
| #define PACKAGE_VERSION "1.8.3post"
| #define PACKAGE_STRING "rdesktop 1.8.3post"
| #define PACKAGE_BUGREPORT ""
| #define PACKAGE_URL ""
| #define STDC_HEADERS 1
| #define HAVE_SYS_TYPES_H 1
| #define HAVE_SYS_STAT_H 1
| #define HAVE_STDLIB_H 1
| #define HAVE_STRING_H 1
| #define HAVE_MEMORY_H 1
| #define HAVE_STRINGS_H 1
| #define HAVE_INTTYPES_H 1
| #define HAVE_STDINT_H 1
| #define HAVE_UNISTD_H 1
| /* end confdefs.h.  */
| #include <sys/types.h>
| 		#include <sys/param.h>
| 
| int
| main ()
| {
| #if BYTE_ORDER != BIG_ENDIAN
| 		 not big endian
| 		#endif
| 
|   ;
|   return 0;
| }
configure:3994: result: no
configure:4013: checking for X
configure:4121: gcc -E  conftest.c
configure:4121: $? = 0
configure:4152: gcc -o conftest -g -O2 -Wall   conftest.c -lX11  >&5
configure:4152: $? = 0
configure:4202: result: libraries , headers 
configure:4301: gcc -o conftest -g -O2 -Wall   conftest.c   -lX11 >&5
configure:4301: $? = 0
configure:4399: checking for gethostbyname
configure:4399: gcc -o conftest -g -O2 -Wall   conftest.c  >&5
configure:4399: $? = 0
configure:4399: result: yes
configure:4496: checking for connect
configure:4496: gcc -o conftest -g -O2 -Wall   conftest.c  >&5
configure:4496: $? = 0
configure:4496: result: yes
configure:4545: checking for remove
configure:4545: gcc -o conftest -g -O2 -Wall   conftest.c  >&5
configure:4545: $? = 0
configure:4545: result: yes
configure:4594: checking for shmat
configure:4594: gcc -o conftest -g -O2 -Wall   conftest.c  >&5
configure:4594: $? = 0
configure:4594: result: yes
configure:4652: checking for IceConnectionNumber in -lICE
configure:4677: gcc -o conftest -g -O2 -Wall   conftest.c -lICE   >&5
/usr/bin/ld: cannot find -lICE
collect2: error: ld returned 1 exit status
configure:4677: $? = 1
configure: failed program was:
| /* confdefs.h */
| #define PACKAGE_NAME "rdesktop"
| #define PACKAGE_TARNAME "rdesktop"
| #define PACKAGE_VERSION "1.8.3post"
| #define PACKAGE_STRING "rdesktop 1.8.3post"
| #define PACKAGE_BUGREPORT ""
| #define PACKAGE_URL ""
| #define STDC_HEADERS 1
| #define HAVE_SYS_TYPES_H 1
| #define HAVE_SYS_STAT_H 1
| #define HAVE_STDLIB_H 1
| #define HAVE_STRING_H 1
| #define HAVE_MEMORY_H 1
| #define HAVE_STRINGS_H 1
| #define HAVE_INTTYPES_H 1
| #define HAVE_STDINT_H 1
| #define HAVE_UNISTD_H 1
| #define L_ENDIAN 1
| /* end confdefs.h.  */
| 
| /* Override any GCC internal prototype to avoid an error.
|    Use char because int might match the return type of a GCC
|    builtin and then its argument prototype would still apply.  */
| #ifdef __cplusplus
| extern "C"
| #endif
| char IceConnectionNumber ();
| int
| main ()
| {
| return IceConnectionNumber ();
|   ;
|   return 0;
| }
configure:4686: result: no
configure:4755: checking for pkg-config
configure:4773: found /usr/bin/pkg-config
configure:4785: result: /usr/bin/pkg-config
configure:4808: checking for library containing socket
configure:4839: gcc -o conftest -g -O2 -Wall   conftest.c  >&5
configure:4839: $? = 0
configure:4856: result: none required
configure:4864: checking for library containing inet_aton
configure:4895: gcc -o conftest -g -O2 -Wall   conftest.c  >&5
configure:4895: $? = 0
configure:4912: result: none required
configure:4921: checking sys/select.h usability
configure:4921: gcc -c -g -O2 -Wall  conftest.c >&5
configure:4921: $? = 0
configure:4921: result: yes
configure:4921: checking sys/select.h presence
configure:4921: gcc -E  conftest.c
configure:4921: $? = 0
configure:4921: result: yes
configure:4921: checking for sys/select.h
configure:4921: result: yes
configure:4928: checking sys/modem.h usability
configure:4928: gcc -c -g -O2 -Wall  conftest.c >&5
conftest.c:54:23: fatal error: sys/modem.h: No such file or directory
compilation terminated.
configure:4928: $? = 1
configure: failed program was:
| /* confdefs.h */
| #define PACKAGE_NAME "rdesktop"
| #define PACKAGE_TARNAME "rdesktop"
| #define PACKAGE_VERSION "1.8.3post"
| #define PACKAGE_STRING "rdesktop 1.8.3post"
| #define PACKAGE_BUGREPORT ""
| #define PACKAGE_URL ""
| #define STDC_HEADERS 1
| #define HAVE_SYS_TYPES_H 1
| #define HAVE_SYS_STAT_H 1
| #define HAVE_STDLIB_H 1
| #define HAVE_STRING_H 1
| #define HAVE_MEMORY_H 1
| #define HAVE_STRINGS_H 1
| #define HAVE_INTTYPES_H 1
| #define HAVE_STDINT_H 1
| #define HAVE_UNISTD_H 1
| #define L_ENDIAN 1
| #define HAVE_SYS_SELECT_H 1
| /* end confdefs.h.  */
| #include <stdio.h>
| #ifdef HAVE_SYS_TYPES_H
| # include <sys/types.h>
| #endif
| #ifdef HAVE_SYS_STAT_H
| # include <sys/stat.h>
| #endif
| #ifdef STDC_HEADERS
| # include <stdlib.h>
| # include <stddef.h>
| #else
| # ifdef HAVE_STDLIB_H
| #  include <stdlib.h>
| # endif
| #endif
| #ifdef HAVE_STRING_H
| # if !defined STDC_HEADERS && defined HAVE_MEMORY_H
| #  include <memory.h>
| # endif
| # include <string.h>
| #endif
| #ifdef HAVE_STRINGS_H
| # include <strings.h>
| #endif
| #ifdef HAVE_INTTYPES_H
| # include <inttypes.h>
| #endif
| #ifdef HAVE_STDINT_H
| # include <stdint.h>
| #endif
| #ifdef HAVE_UNISTD_H
| # include <unistd.h>
| #endif
| #include <sys/modem.h>
configure:4928: result: no
configure:4928: checking sys/modem.h presence
configure:4928: gcc -E  conftest.c
conftest.c:21:23: fatal error: sys/modem.h: No such file or directory
compilation terminated.
configure:4928: $? = 1
configure: failed program was:
| /* confdefs.h */
| #define PACKAGE_NAME "rdesktop"
| #define PACKAGE_TARNAME "rdesktop"
| #define PACKAGE_VERSION "1.8.3post"
| #define PACKAGE_STRING "rdesktop 1.8.3post"
| #define PACKAGE_BUGREPORT ""
| #define PACKAGE_URL ""
| #define STDC_HEADERS 1
| #define HAVE_SYS_TYPES_H 1
| #define HAVE_SYS_STAT_H 1
| #define HAVE_STDLIB_H 1
| #define HAVE_STRING_H 1
| #define HAVE_MEMORY_H 1
| #define HAVE_STRINGS_H 1
| #define HAVE_INTTYPES_H 1
| #define HAVE_STDINT_H 1
| #define HAVE_UNISTD_H 1
| #define L_ENDIAN 1
| #define HAVE_SYS_SELECT_H 1
| /* end confdefs.h.  */
| #include <sys/modem.h>
configure:4928: result: no
configure:4928: checking for sys/modem.h
configure:4928: result: no
configure:4935: checking sys/filio.h usability
configure:4935: gcc -c -g -O2 -Wall  conftest.c >&5
conftest.c:54:23: fatal error: sys/filio.h: No such file or directory
compilation terminated.
configure:4935: $? = 1
configure: failed program was:
| /* confdefs.h */
| #define PACKAGE_NAME "rdesktop"
| #define PACKAGE_TARNAME "rdesktop"
| #define PACKAGE_VERSION "1.8.3post"
| #define PACKAGE_STRING "rdesktop 1.8.3post"
| #define PACKAGE_BUGREPORT ""
| #define PACKAGE_URL ""
| #define STDC_HEADERS 1
| #define HAVE_SYS_TYPES_H 1
| #define HAVE_SYS_STAT_H 1
| #define HAVE_STDLIB_H 1
| #define HAVE_STRING_H 1
| #define HAVE_MEMORY_H 1
| #define HAVE_STRINGS_H 1
| #define HAVE_INTTYPES_H 1
| #define HAVE_STDINT_H 1
| #define HAVE_UNISTD_H 1
| #define L_ENDIAN 1
| #define HAVE_SYS_SELECT_H 1
| /* end confdefs.h.  */
| #include <stdio.h>
| #ifdef HAVE_SYS_TYPES_H
| # include <sys/types.h>
| #endif
| #ifdef HAVE_SYS_STAT_H
| # include <sys/stat.h>
| #endif
| #ifdef STDC_HEADERS
| # include <stdlib.h>
| # include <stddef.h>
| #else
| # ifdef HAVE_STDLIB_H
| #  include <stdlib.h>
| # endif
| #endif
| #ifdef HAVE_STRING_H
| # if !defined STDC_HEADERS && defined HAVE_MEMORY_H
| #  include <memory.h>
| # endif
| # include <string.h>
| #endif
| #ifdef HAVE_STRINGS_H
| # include <strings.h>
| #endif
| #ifdef HAVE_INTTYPES_H
| # include <inttypes.h>
| #endif
| #ifdef HAVE_STDINT_H
| # include <stdint.h>
| #endif
| #ifdef HAVE_UNISTD_H
| # include <unistd.h>
| #endif
| #include <sys/filio.h>
configure:4935: result: no
configure:4935: checking sys/filio.h presence
configure:4935: gcc -E  conftest.c
conftest.c:21:23: fatal error: sys/filio.h: No such file or directory
compilation terminated.
configure:4935: $? = 1
configure: failed program was:
| /* confdefs.h */
| #define PACKAGE_NAME "rdesktop"
| #define PACKAGE_TARNAME "rdesktop"
| #define PACKAGE_VERSION "1.8.3post"
| #define PACKAGE_STRING "rdesktop 1.8.3post"
| #define PACKAGE_BUGREPORT ""
| #define PACKAGE_URL ""
| #define STDC_HEADERS 1
| #define HAVE_SYS_TYPES_H 1
| #define HAVE_SYS_STAT_H 1
| #define HAVE_STDLIB_H 1
| #define HAVE_STRING_H 1
| #define HAVE_MEMORY_H 1
| #define HAVE_STRINGS_H 1
| #define HAVE_INTTYPES_H 1
| #define HAVE_STDINT_H 1
| #define HAVE_UNISTD_H 1
| #define L_ENDIAN 1
| #define HAVE_SYS_SELECT_H 1
| /* end confdefs.h.  */
| #include <sys/filio.h>
configure:4935: result: no
configure:4935: checking for sys/filio.h
configure:4935: result: no
configure:4942: checking sys/strtio.h usability
configure:4942: gcc -c -g -O2 -Wall  conftest.c >&5
conftest.c:54:24: fatal error: sys/strtio.h: No such file or directory
compilation terminated.
configure:4942: $? = 1
configure: failed program was:
| /* confdefs.h */
| #define PACKAGE_NAME "rdesktop"
| #define PACKAGE_TARNAME "rdesktop"
| #define PACKAGE_VERSION "1.8.3post"
| #define PACKAGE_STRING "rdesktop 1.8.3post"
| #define PACKAGE_BUGREPORT ""
| #define PACKAGE_URL ""
| #define STDC_HEADERS 1
| #define HAVE_SYS_TYPES_H 1
| #define HAVE_SYS_STAT_H 1
| #define HAVE_STDLIB_H 1
| #define HAVE_STRING_H 1
| #define HAVE_MEMORY_H 1
| #define HAVE_STRINGS_H 1
| #define HAVE_INTTYPES_H 1
| #define HAVE_STDINT_H 1
| #define HAVE_UNISTD_H 1
| #define L_ENDIAN 1
| #define HAVE_SYS_SELECT_H 1
| /* end confdefs.h.  */
| #include <stdio.h>
| #ifdef HAVE_SYS_TYPES_H
| # include <sys/types.h>
| #endif
| #ifdef HAVE_SYS_STAT_H
| # include <sys/stat.h>
| #endif
| #ifdef STDC_HEADERS
| # include <stdlib.h>
| # include <stddef.h>
| #else
| # ifdef HAVE_STDLIB_H
| #  include <stdlib.h>
| # endif
| #endif
| #ifdef HAVE_STRING_H
| # if !defined STDC_HEADERS && defined HAVE_MEMORY_H
| #  include <memory.h>
| # endif
| # include <string.h>
| #endif
| #ifdef HAVE_STRINGS_H
| # include <strings.h>
| #endif
| #ifdef HAVE_INTTYPES_H
| # include <inttypes.h>
| #endif
| #ifdef HAVE_STDINT_H
| # include <stdint.h>
| #endif
| #ifdef HAVE_UNISTD_H
| # include <unistd.h>
| #endif
| #include <sys/strtio.h>
configure:4942: result: no
configure:4942: checking sys/strtio.h presence
configure:4942: gcc -E  conftest.c
conftest.c:21:24: fatal error: sys/strtio.h: No such file or directory
compilation terminated.
configure:4942: $? = 1
configure: failed program was:
| /* confdefs.h */
| #define PACKAGE_NAME "rdesktop"
| #define PACKAGE_TARNAME "rdesktop"
| #define PACKAGE_VERSION "1.8.3post"
| #define PACKAGE_STRING "rdesktop 1.8.3post"
| #define PACKAGE_BUGREPORT ""
| #define PACKAGE_URL ""
| #define STDC_HEADERS 1
| #define HAVE_SYS_TYPES_H 1
| #define HAVE_SYS_STAT_H 1
| #define HAVE_STDLIB_H 1
| #define HAVE_STRING_H 1
| #define HAVE_MEMORY_H 1
| #define HAVE_STRINGS_H 1
| #define HAVE_INTTYPES_H 1
| #define HAVE_STDINT_H 1
| #define HAVE_UNISTD_H 1
| #define L_ENDIAN 1
| #define HAVE_SYS_SELECT_H 1
| /* end confdefs.h.  */
| #include <sys/strtio.h>
configure:4942: result: no
configure:4942: checking for sys/strtio.h
configure:4942: result: no
configure:4949: checking locale.h usability
configure:4949: gcc -c -g -O2 -Wall  conftest.c >&5
configure:4949: $? = 0
configure:4949: result: yes
configure:4949: checking locale.h presence
configure:4949: gcc -E  conftest.c
configure:4949: $? = 0
configure:4949: result: yes
configure:4949: checking for locale.h
configure:4949: result: yes
configure:4956: checking langinfo.h usability
configure:4956: gcc -c -g -O2 -Wall  conftest.c >&5
configure:4956: $? = 0
configure:4956: result: yes
configure:4956: checking langinfo.h presence
configure:4956: gcc -E  conftest.c
configure:4956: $? = 0
configure:4956: result: yes
configure:4956: checking for langinfo.h
configure:4956: result: yes
configure:4963: checking sysexits.h usability
configure:4963: gcc -c -g -O2 -Wall  conftest.c >&5
configure:4963: $? = 0
configure:4963: result: yes
configure:4963: checking sysexits.h presence
configure:4963: gcc -E  conftest.c
configure:4963: $? = 0
configure:4963: result: yes
configure:4963: checking for sysexits.h
configure:4963: result: yes
configure:5014: checking for strip
configure:5030: found /usr/bin/strip
configure:5041: result: strip
configure:5076: checking for OpenSSL directory
configure:5109: result: /usr
configure:5266: checking for pkg-config
configure:5296: result: /usr/bin/pkg-config
configure:5321: checking pkg-config is at least version 0.9.0
configure:5324: result: yes
configure:5337: checking for GSSGLUE
configure:5344: $PKG_CONFIG --exists --print-errors "libgssglue"
Package libgssglue was not found in the pkg-config search path.
Perhaps you should add the directory containing `libgssglue.pc'
to the PKG_CONFIG_PATH environment variable
No package 'libgssglue' found
configure:5347: $? = 1
configure:5361: $PKG_CONFIG --exists --print-errors "libgssglue"
Package libgssglue was not found in the pkg-config search path.
Perhaps you should add the directory containing `libgssglue.pc'
to the PKG_CONFIG_PATH environment variable
No package 'libgssglue' found
configure:5364: $? = 1
configure:5378: result: no
No package 'libgssglue' found

## ---------------- ##
## Cache variables. ##
## ---------------- ##

ac_cv_build=x86_64-unknown-linux-gnu
ac_cv_c_bigendian=no
ac_cv_c_compiler_gnu=yes
ac_cv_env_ALSA_CFLAGS_set=
ac_cv_env_ALSA_CFLAGS_value=
ac_cv_env_ALSA_LIBS_set=
ac_cv_env_ALSA_LIBS_value=
ac_cv_env_CC_set=
ac_cv_env_CC_value=
ac_cv_env_CFLAGS_set=
ac_cv_env_CFLAGS_value=
ac_cv_env_CPPFLAGS_set=
ac_cv_env_CPPFLAGS_value=
ac_cv_env_CPP_set=
ac_cv_env_CPP_value=
ac_cv_env_GSSGLUE_CFLAGS_set=
ac_cv_env_GSSGLUE_CFLAGS_value=
ac_cv_env_GSSGLUE_LIBS_set=
ac_cv_env_GSSGLUE_LIBS_value=
ac_cv_env_LDFLAGS_set=
ac_cv_env_LDFLAGS_value=
ac_cv_env_LIBAO_CFLAGS_set=
ac_cv_env_LIBAO_CFLAGS_value=
ac_cv_env_LIBAO_LIBS_set=
ac_cv_env_LIBAO_LIBS_value=
ac_cv_env_LIBSAMPLERATE_CFLAGS_set=
ac_cv_env_LIBSAMPLERATE_CFLAGS_value=
ac_cv_env_LIBSAMPLERATE_LIBS_set=
ac_cv_env_LIBSAMPLERATE_LIBS_value=
ac_cv_env_LIBS_set=
ac_cv_env_LIBS_value=
ac_cv_env_PCSCLITE_CFLAGS_set=
ac_cv_env_PCSCLITE_CFLAGS_value=
ac_cv_env_PCSCLITE_LIBS_set=
ac_cv_env_PCSCLITE_LIBS_value=
ac_cv_env_PKG_CONFIG_LIBDIR_set=
ac_cv_env_PKG_CONFIG_LIBDIR_value=
ac_cv_env_PKG_CONFIG_PATH_set=
ac_cv_env_PKG_CONFIG_PATH_value=
ac_cv_env_PKG_CONFIG_set=
ac_cv_env_PKG_CONFIG_value=
ac_cv_env_XMKMF_set=
ac_cv_env_XMKMF_value=
ac_cv_env_XRANDR_CFLAGS_set=
ac_cv_env_XRANDR_CFLAGS_value=
ac_cv_env_XRANDR_LIBS_set=
ac_cv_env_XRANDR_LIBS_value=
ac_cv_env_build_alias_set=
ac_cv_env_build_alias_value=
ac_cv_env_host_alias_set=
ac_cv_env_host_alias_value=
ac_cv_env_target_alias_set=
ac_cv_env_target_alias_value=
ac_cv_func_connect=yes
ac_cv_func_gethostbyname=yes
ac_cv_func_remove=yes
ac_cv_func_shmat=yes
ac_cv_have_x='have_x=yes	ac_x_includes='\'''\''	ac_x_libraries='\'''\'''
ac_cv_header_inttypes_h=yes
ac_cv_header_langinfo_h=yes
ac_cv_header_locale_h=yes
ac_cv_header_memory_h=yes
ac_cv_header_stdc=yes
ac_cv_header_stdint_h=yes
ac_cv_header_stdlib_h=yes
ac_cv_header_string_h=yes
ac_cv_header_strings_h=yes
ac_cv_header_sys_filio_h=no
ac_cv_header_sys_modem_h=no
ac_cv_header_sys_select_h=yes
ac_cv_header_sys_stat_h=yes
ac_cv_header_sys_strtio_h=no
ac_cv_header_sys_types_h=yes
ac_cv_header_sysexits_h=yes
ac_cv_header_unistd_h=yes
ac_cv_host=x86_64-unknown-linux-gnu
ac_cv_lib_ICE_IceConnectionNumber=no
ac_cv_objext=o
ac_cv_path_EGREP='/bin/grep -E'
ac_cv_path_GREP=/bin/grep
ac_cv_path_ac_pt_PKG_CONFIG=/usr/bin/pkg-config
ac_cv_path_install='/usr/bin/install -c'
ac_cv_prog_CPP='gcc -E'
ac_cv_prog_ac_ct_CC=gcc
ac_cv_prog_ac_ct_STRIP=strip
ac_cv_prog_cc_c89=
ac_cv_prog_cc_g=yes
ac_cv_search_inet_aton='none required'
ac_cv_search_socket='none required'

## ----------------- ##
## Output variables. ##
## ----------------- ##

ALSA_CFLAGS=''
ALSA_LIBS=''
CC='gcc'
CFLAGS='-g -O2 -Wall -I/usr/include'
CPP='gcc -E'
CPPFLAGS=''
CREDSSPOBJ=''
DEFS=''
ECHO_C=''
ECHO_N='-n'
ECHO_T=''
EGREP='/bin/grep -E'
EXEEXT=''
GREP='/bin/grep'
GSSGLUE_CFLAGS=''
GSSGLUE_LIBS=''
INSTALL_DATA='${INSTALL} -m 644'
INSTALL_PROGRAM='${INSTALL}'
INSTALL_SCRIPT='${INSTALL}'
LDFLAGS=''
LDVNC=''
LIBAO_CFLAGS=''
LIBAO_LIBS=''
LIBICONV=''
LIBOBJS=''
LIBS='-L/usr/lib -L/usr/lib64 -lssl -lcrypto -ldl '
LIBSAMPLERATE_CFLAGS=''
LIBSAMPLERATE_LIBS=''
LTLIBOBJS=''
OBJEXT='o'
PACKAGE_BUGREPORT=''
PACKAGE_NAME='rdesktop'
PACKAGE_STRING='rdesktop 1.8.3post'
PACKAGE_TARNAME='rdesktop'
PACKAGE_URL=''
PACKAGE_VERSION='1.8.3post'
PATH_SEPARATOR=':'
PCSCLITE_CFLAGS=''
PCSCLITE_LIBS=''
PKG_CONFIG='/usr/bin/pkg-config'
PKG_CONFIG_LIBDIR=''
PKG_CONFIG_PATH=''
RDP2VNCTARGET=''
SCARDOBJ=''
SHELL='/bin/bash'
SOUNDOBJ=''
STRIP='strip'
VNCINC=''
VNCLINK=''
XMKMF=''
XRANDR_CFLAGS=''
XRANDR_LIBS=''
X_CFLAGS=''
X_EXTRA_LIBS=''
X_LIBS=''
X_PRE_LIBS=''
ac_ct_CC='gcc'
bindir='${exec_prefix}/bin'
build='x86_64-unknown-linux-gnu'
build_alias=''
build_cpu='x86_64'
build_os='linux-gnu'
build_vendor='unknown'
datadir='${datarootdir}'
datarootdir='${prefix}/share'
docdir='${datarootdir}/doc/${PACKAGE_TARNAME}'
dvidir='${docdir}'
exec_prefix='NONE'
host='x86_64-unknown-linux-gnu'
host_alias=''
host_cpu='x86_64'
host_os='linux-gnu'
host_vendor='unknown'
htmldir='${docdir}'
includedir='${prefix}/include'
infodir='${datarootdir}/info'
libdir='${exec_prefix}/lib'
libexecdir='${exec_prefix}/libexec'
localedir='${datarootdir}/locale'
localstatedir='${prefix}/var'
mandir='${datarootdir}/man'
oldincludedir='/usr/include'
pdfdir='${docdir}'
prefix='NONE'
program_transform_name='s,x,x,'
psdir='${docdir}'
runstatedir='${localstatedir}/run'
sbindir='${exec_prefix}/sbin'
sharedstatedir='${prefix}/com'
ssldir='/usr'
sysconfdir='${prefix}/etc'
target_alias=''

## ----------- ##
## confdefs.h. ##
## ----------- ##

/* confdefs.h */
#define PACKAGE_NAME "rdesktop"
#define PACKAGE_TARNAME "rdesktop"
#define PACKAGE_VERSION "1.8.3post"
#define PACKAGE_STRING "rdesktop 1.8.3post"
#define PACKAGE_BUGREPORT ""
#define PACKAGE_URL ""
#define STDC_HEADERS 1
#define HAVE_SYS_TYPES_H 1
#define HAVE_SYS_STAT_H 1
#define HAVE_STDLIB_H 1
#define HAVE_STRING_H 1
#define HAVE_MEMORY_H 1
#define HAVE_STRINGS_H 1
#define HAVE_INTTYPES_H 1
#define HAVE_STDINT_H 1
#define HAVE_UNISTD_H 1
#define L_ENDIAN 1
#define HAVE_SYS_SELECT_H 1
#define HAVE_LOCALE_H 1
#define HAVE_LANGINFO_H 1
#define HAVE_SYSEXITS_H 1
#define ssldir "/usr"

configure: exit 1
